<?xml version="1.0" encoding="UTF-8"?>
<!-- Generated by org.testng.reporters.JUnitXMLReporter -->
<testsuite hostname="01-011648" ignored="0" name="Test" tests="10" failures="0" timestamp="17 May 2019 09:08:49 GMT" time="284.585" errors="0">
  <testcase name="testHomePageAppear" time="12.402" classname="TestMethods.ValidHomePage"/>
  <testcase name="buyresPage" time="92.683" classname="TestMethods.Buyers"/>
  <testcase name="categoryPage" time="31.39" classname="TestMethods.Categories"/>
  <testcase name="productsPage" time="43.134" classname="TestMethods.Products"/>
  <testcase name="searchproducts" time="21.401" classname="TestMethods.Products"/>
  <testcase name="AddToCartPage" time="42.167" classname="TestMethods.Products"/>
  <testcase name="pendiOrederPage" time="10.89" classname="TestMethods.PendingOrders"/>
  <testcase name="orederDetailPage" time="12.291" classname="TestMethods.PendingOrders"/>
  <testcase name="prevoiusOrederDetail" time="12.722" classname="TestMethods.PendingOrders"/>
  <testcase name="logOut" time="3.035" classname="TestMethods.LogOut"/>
</testsuite> <!-- Test -->
