<?xml version="1.0" encoding="UTF-8"?>
<testng-results skipped="0" failed="0" ignored="0" total="10" passed="10">
  <reporter-output>
  </reporter-output>
  <suite name="Suite" duration-ms="284585" started-at="2019-05-17T09:04:04Z" finished-at="2019-05-17T09:08:49Z">
    <groups>
    </groups>
    <test name="Test" duration-ms="284585" started-at="2019-05-17T09:04:04Z" finished-at="2019-05-17T09:08:49Z">
      <class name="TestMethods.Categories">
        <test-method status="PASS" signature="categoryPage()[pri:3, instance:TestMethods.Categories@29b5cd00]" name="categoryPage" duration-ms="31390" started-at="2019-05-17T09:05:50Z" finished-at="2019-05-17T09:06:21Z">
          <reporter-output>
          </reporter-output>
        </test-method> <!-- categoryPage -->
      </class> <!-- TestMethods.Categories -->
      <class name="TestMethods.LogOut">
        <test-method status="PASS" signature="logOut()[pri:10, instance:TestMethods.LogOut@45820e51]" name="logOut" duration-ms="3035" started-at="2019-05-17T09:08:44Z" finished-at="2019-05-17T09:08:47Z">
          <reporter-output>
          </reporter-output>
        </test-method> <!-- logOut -->
      </class> <!-- TestMethods.LogOut -->
      <class name="TestMethods.PendingOrders">
        <test-method status="PASS" signature="pendiOrederPage()[pri:7, instance:TestMethods.PendingOrders@7113b13f]" name="pendiOrederPage" duration-ms="10890" started-at="2019-05-17T09:08:08Z" finished-at="2019-05-17T09:08:19Z">
          <reporter-output>
          </reporter-output>
        </test-method> <!-- pendiOrederPage -->
        <test-method status="PASS" signature="orederDetailPage()[pri:8, instance:TestMethods.PendingOrders@7113b13f]" name="orederDetailPage" duration-ms="12291" started-at="2019-05-17T09:08:19Z" finished-at="2019-05-17T09:08:31Z">
          <reporter-output>
          </reporter-output>
        </test-method> <!-- orederDetailPage -->
        <test-method status="PASS" signature="prevoiusOrederDetail()[pri:9, instance:TestMethods.PendingOrders@7113b13f]" name="prevoiusOrederDetail" duration-ms="12722" started-at="2019-05-17T09:08:31Z" finished-at="2019-05-17T09:08:44Z">
          <reporter-output>
          </reporter-output>
        </test-method> <!-- prevoiusOrederDetail -->
        <test-method status="PASS" signature="Close()[pri:0, instance:TestMethods.PendingOrders@7113b13f]" name="Close" is-config="true" duration-ms="2194" started-at="2019-05-17T09:08:47Z" finished-at="2019-05-17T09:08:49Z">
          <reporter-output>
          </reporter-output>
        </test-method> <!-- Close -->
      </class> <!-- TestMethods.PendingOrders -->
      <class name="TestMethods.ValidHomePage">
        <test-method status="PASS" signature="setup()[pri:0, instance:TestMethods.ValidHomePage@1500955a]" name="setup" is-config="true" duration-ms="124" started-at="2019-05-17T09:04:04Z" finished-at="2019-05-17T09:04:04Z">
          <reporter-output>
          </reporter-output>
        </test-method> <!-- setup -->
        <test-method status="PASS" signature="testHomePageAppear()[pri:0, instance:TestMethods.ValidHomePage@1500955a]" name="testHomePageAppear" duration-ms="12402" started-at="2019-05-17T09:04:04Z" finished-at="2019-05-17T09:04:17Z">
          <reporter-output>
          </reporter-output>
        </test-method> <!-- testHomePageAppear -->
      </class> <!-- TestMethods.ValidHomePage -->
      <class name="TestMethods.Buyers">
        <test-method status="PASS" signature="buyresPage()[pri:1, instance:TestMethods.Buyers@e874448]" name="buyresPage" duration-ms="92683" started-at="2019-05-17T09:04:17Z" finished-at="2019-05-17T09:05:50Z">
          <reporter-output>
          </reporter-output>
        </test-method> <!-- buyresPage -->
      </class> <!-- TestMethods.Buyers -->
      <class name="TestMethods.Products">
        <test-method status="PASS" signature="productsPage()[pri:4, instance:TestMethods.Products@60285225]" name="productsPage" duration-ms="43134" started-at="2019-05-17T09:06:21Z" finished-at="2019-05-17T09:07:04Z">
          <reporter-output>
          </reporter-output>
        </test-method> <!-- productsPage -->
        <test-method status="PASS" signature="searchproducts()[pri:5, instance:TestMethods.Products@60285225]" name="searchproducts" duration-ms="21401" started-at="2019-05-17T09:07:04Z" finished-at="2019-05-17T09:07:26Z">
          <reporter-output>
          </reporter-output>
        </test-method> <!-- searchproducts -->
        <test-method status="PASS" signature="AddToCartPage()[pri:6, instance:TestMethods.Products@60285225]" name="AddToCartPage" duration-ms="42167" started-at="2019-05-17T09:07:26Z" finished-at="2019-05-17T09:08:08Z">
          <reporter-output>
          </reporter-output>
        </test-method> <!-- AddToCartPage -->
      </class> <!-- TestMethods.Products -->
    </test> <!-- Test -->
  </suite> <!-- Suite -->
</testng-results>
